2019-03-07 15:21:09.477  INFO 19040 --- [main] com.lnt.services.NewcoSearchApplication  : Starting NewcoSearchApplication on SHOGTAPU-MNFRT with PID 19040 (C:\SUNIL_HOGTAPUR\office\newco\newcoSearch\target\classes started by shogtapu in C:\SUNIL_HOGTAPUR\office\newco\newcoSearch)
2019-03-07 15:21:09.484  INFO 19040 --- [main] com.lnt.services.NewcoSearchApplication  : No active profile set, falling back to default profiles: default
2019-03-07 15:21:11.824  INFO 19040 --- [main] o.s.b.w.embedded.tomcat.TomcatWebServer  : Tomcat initialized with port(s): 8080 (http)
2019-03-07 15:21:11.889  INFO 19040 --- [main] o.apache.catalina.core.StandardService   : Starting service [Tomcat]
2019-03-07 15:21:11.891  INFO 19040 --- [main] org.apache.catalina.core.StandardEngine  : Starting Servlet engine: [Apache Tomcat/9.0.16]
2019-03-07 15:21:11.911  INFO 19040 --- [main] o.a.catalina.core.AprLifecycleListener   : The APR based Apache Tomcat Native library which allows optimal performance in production environments was not found on the java.library.path: [C:\JDK8.0\bin;C:\WINDOWS\Sun\Java\bin;C:\WINDOWS\system32;C:\WINDOWS;C:/JDK8.0/bin/../jre/bin/server;C:/JDK8.0/bin/../jre/bin;C:/JDK8.0/bin/../jre/lib/amd64;C:\oraclexe\app\oracle\product\11.2.0\server\bin;;C:\WINDOWS\system32;C:\WINDOWS;C:\WINDOWS\System32\Wbem;C:\WINDOWS\System32\WindowsPowerShell\v1.0\;C:\ProgramData\Webex\Webex\Applications;C:\Program Files (x86)\Sennheiser\SoftphoneSDK\;C:\JDK8.0\bin;.;bin;C:\Program Files\nodejs\;C:\WINDOWS\System32\OpenSSH\;C:\Users\shogtapu\AppData\Local\Microsoft\WindowsApps;C:\Users\shogtapu\AppData\Roaming\npm;C:\Users\shogtapu\AppData\Local\Programs\MicrosoftVSCode\bin;;C:\SUNIL_HOGTAPUR\sts\spring-tool-suite-4-4.1.1.RELEASE-e4.10.0-win32.win32.x86_64\sts-4.1.1.RELEASE;;.]
2019-03-07 15:21:12.439  INFO 19040 --- [main] o.a.c.c.C.[Tomcat].[localhost].[/]       : Initializing Spring embedded WebApplicationContext
2019-03-07 15:21:12.440  INFO 19040 --- [main] o.s.web.context.ContextLoader            : Root WebApplicationContext: initialization completed in 2854 ms
2019-03-07 15:21:12.982  INFO 19040 --- [main] o.s.s.concurrent.ThreadPoolTaskExecutor  : Initializing ExecutorService 'applicationTaskExecutor'
2019-03-07 15:21:13.381  INFO 19040 --- [main] o.s.b.w.embedded.tomcat.TomcatWebServer  : Tomcat started on port(s): 8080 (http) with context path ''
2019-03-07 15:21:13.388  INFO 19040 --- [main] com.lnt.services.NewcoSearchApplication  : Started NewcoSearchApplication in 4.762 seconds (JVM running for 7.231)
2019-03-07 15:21:25.133  INFO 19040 --- [http-nio-8080-exec-1] o.a.c.c.C.[Tomcat].[localhost].[/]       : Initializing Spring DispatcherServlet 'dispatcherServlet'
2019-03-07 15:21:25.134  INFO 19040 --- [http-nio-8080-exec-1] o.s.web.servlet.DispatcherServlet        : Initializing Servlet 'dispatcherServlet'
2019-03-07 15:21:25.145  INFO 19040 --- [http-nio-8080-exec-1] o.s.web.servlet.DispatcherServlet        : Completed initialization in 11 ms
2019-03-07 15:22:17.329  INFO 19040 --- [RMI TCP Connection(7)-127.0.0.1] inMXBeanRegistrar$SpringApplicationAdmin : Application shutdown requested.
2019-03-07 15:22:17.333  INFO 19040 --- [RMI TCP Connection(7)-127.0.0.1] o.s.s.concurrent.ThreadPoolTaskExecutor  : Shutting down ExecutorService 'applicationTaskExecutor'
2019-03-07 15:22:25.994  INFO 23324 --- [main] com.lnt.services.NewcoSearchApplication  : Starting NewcoSearchApplication on SHOGTAPU-MNFRT with PID 23324 (C:\SUNIL_HOGTAPUR\office\newco\newcoSearch\target\classes started by shogtapu in C:\SUNIL_HOGTAPUR\office\newco\newcoSearch)
2019-03-07 15:22:26.002  INFO 23324 --- [main] com.lnt.services.NewcoSearchApplication  : No active profile set, falling back to default profiles: default
2019-03-07 15:22:29.289  INFO 23324 --- [main] o.s.b.w.embedded.tomcat.TomcatWebServer  : Tomcat initialized with port(s): 8080 (http)
2019-03-07 15:22:29.384  INFO 23324 --- [main] o.apache.catalina.core.StandardService   : Starting service [Tomcat]
2019-03-07 15:22:29.390  INFO 23324 --- [main] org.apache.catalina.core.StandardEngine  : Starting Servlet engine: [Apache Tomcat/9.0.16]
2019-03-07 15:22:29.410  INFO 23324 --- [main] o.a.catalina.core.AprLifecycleListener   : The APR based Apache Tomcat Native library which allows optimal performance in production environments was not found on the java.library.path: [C:\JDK8.0\bin;C:\WINDOWS\Sun\Java\bin;C:\WINDOWS\system32;C:\WINDOWS;C:/JDK8.0/bin/../jre/bin/server;C:/JDK8.0/bin/../jre/bin;C:/JDK8.0/bin/../jre/lib/amd64;C:\oraclexe\app\oracle\product\11.2.0\server\bin;;C:\WINDOWS\system32;C:\WINDOWS;C:\WINDOWS\System32\Wbem;C:\WINDOWS\System32\WindowsPowerShell\v1.0\;C:\ProgramData\Webex\Webex\Applications;C:\Program Files (x86)\Sennheiser\SoftphoneSDK\;C:\JDK8.0\bin;.;bin;C:\Program Files\nodejs\;C:\WINDOWS\System32\OpenSSH\;C:\Users\shogtapu\AppData\Local\Microsoft\WindowsApps;C:\Users\shogtapu\AppData\Roaming\npm;C:\Users\shogtapu\AppData\Local\Programs\MicrosoftVSCode\bin;;C:\SUNIL_HOGTAPUR\sts\spring-tool-suite-4-4.1.1.RELEASE-e4.10.0-win32.win32.x86_64\sts-4.1.1.RELEASE;;.]
2019-03-07 15:22:29.931  INFO 23324 --- [main] o.a.c.c.C.[Tomcat].[localhost].[/]       : Initializing Spring embedded WebApplicationContext
2019-03-07 15:22:29.932  INFO 23324 --- [main] o.s.web.context.ContextLoader            : Root WebApplicationContext: initialization completed in 3808 ms
2019-03-07 15:22:30.534  INFO 23324 --- [main] o.s.s.concurrent.ThreadPoolTaskExecutor  : Initializing ExecutorService 'applicationTaskExecutor'
2019-03-07 15:22:30.910  INFO 23324 --- [main] o.s.b.w.embedded.tomcat.TomcatWebServer  : Tomcat started on port(s): 8080 (http) with context path ''
2019-03-07 15:22:30.923  INFO 23324 --- [main] com.lnt.services.NewcoSearchApplication  : Started NewcoSearchApplication in 6.07 seconds (JVM running for 9.514)
2019-03-07 15:22:35.036  INFO 23324 --- [http-nio-8080-exec-1] o.a.c.c.C.[Tomcat].[localhost].[/]       : Initializing Spring DispatcherServlet 'dispatcherServlet'
2019-03-07 15:22:35.037  INFO 23324 --- [http-nio-8080-exec-1] o.s.web.servlet.DispatcherServlet        : Initializing Servlet 'dispatcherServlet'
2019-03-07 15:22:35.052  INFO 23324 --- [http-nio-8080-exec-1] o.s.web.servlet.DispatcherServlet        : Completed initialization in 14 ms
